        random & 0.95 & 0.5 & \textbf{0.86} & 0.73 & 0.69 & 0.83 \\
        country-sensitive & 0.92 & 0.5 & \textbf{0.86} & 0.77 & 0.65 & 0.83 \\
        gender-sensitive & 0.95 & 0.47 & 0.84 & 0.73 & 0.66 & \textbf{0.89} \\
        country-gender-sensitive & 0.92 & 0.47 & \textbf{0.79} & 0.69 & 0.63 & \textbf{0.79} \\

        random & 0.85 & 0.55 & 0.91 & \textbf{0.96} & 0.89 & 0.93 \\
        city-region & 0.74 & 0.49 & \textbf{0.87} & 0.8 & 0.77 & 0.83 \\
        country-continent & 0.84 & 0.46 & \textbf{0.93} & 0.91 & 0.89 & 0.9 \\
        region-country & 0.80 & 0.53 & 0.91 & 0.89 & 0.76 & \textbf{0.92} \\

        random & 1.00 & 0.32 & 0.89 & 0.86 & 0.83 & \textbf{0.96} \\
        same-instance & 0.74 & 0.55 & \textbf{0.9} & 0.88 & 0.79 & \textbf{0.9} \\

        random & 0.95 & 0.44 & 0.27 & 0.79 & \textbf{0.85} & 0.63 \\
        country-sensitive & 0.92 & 0.45 & 0.19 & 0.74 & \textbf{0.8} & 0.6 \\
        gender-sensitive & 0.95 & 0.44 & 0.18 & 0.69 & \textbf{0.75} & 0.52 \\
        country-gender-sensitive & 0.92 & 0.41 & 0.19 & 0.7 & \textbf{0.76} & 0.6 \\

        random & 0.85 & 0.38 & 0.55 & 0.87 & \textbf{0.98} & 0.84 \\
        city-region & 0.74 & 0.39 & 0.42 & 0.71 & \textbf{0.84} & 0.76 \\
        country-continent & 0.84 & 0.39 & 0.37 & 0.85 & \textbf{0.89} & 0.8 \\
        region-country & 0.80 & 0.45 & 0.34 & 0.77 & \textbf{0.84} & 0.81 \\

        random & 1.00 & 0.32 & 0.43 & \textbf{0.98} & 0.95 & 0.95 \\
        same-instance & 0.74 & 0.5 & 0.47 & 0.9 & \textbf{0.93} & 0.9 \\

        random & 0.95 & 0.49 & 0.59 & 0.84 & \textbf{0.86} & 0.72 \\
        country-sensitive & 0.92 & 0.52 & 0.47 & 0.77 & \textbf{0.84} & 0.65 \\
        gender-sensitive & 0.95 & 0.54 & 0.51 & \textbf{0.81} & \textbf{0.81} & 0.68 \\
        country-gender-sensitive & 0.92 & 0.49 & 0.45 & \textbf{0.82} & 0.78 & 0.63 \\

        random & 0.85 & 0.44 & 0.63 & 0.9 & \textbf{0.93} & 0.86 \\
        city-region & 0.74 & 0.48 & 0.46 & 0.72 & \textbf{0.89} & 0.7 \\
        country-continent & 0.84 & 0.46 & 0.49 & \textbf{0.93} & \textbf{0.93} & 0.8 \\
        region-country & 0.80 & 0.44 & 0.47 & 0.84 & \textbf{0.9} & 0.82 \\

        random & 1.00 & 0.55 & 0.49 & 0.94 & \textbf{0.97} & 0.96 \\
        same-instance & 0.74 & 0.51 & 0.52 & 0.88 & \textbf{0.94} & 0.88 \\

