        random & 0.95 & 0.34 & \textbf{0.9} & 0.81 & 0.59 & 0.84 \\
        country-sensitive & 0.92 & 0.36 & \textbf{0.81} & 0.8 & 0.61 & 0.8 \\
        gender-sensitive & 0.95 & 0.37 & \textbf{0.86} & 0.8 & 0.61 & 0.77 \\
        country-gender-sensitive & 0.92 & 0.38 & \textbf{0.86} & 0.7 & 0.55 & 0.77 \\

        random & 0.85 & 0.45 & \textbf{0.96} & 0.91 & 0.88 & \textbf{0.96} \\
        city-region & 0.74 & 0.48 & \textbf{0.9} & 0.87 & 0.87 & 0.87 \\
        country-continent & 0.84 & 0.45 & 0.93 & 0.91 & 0.87 & \textbf{0.94} \\
        region-country & 0.80 & 0.45 & 0.87 & 0.9 & \textbf{0.93} & 0.9 \\

        random & 1.00 & 0.56 & \textbf{0.96} & 0.88 & 0.84 & 0.88 \\
        same-instance & 0.74 & 0.56 & \textbf{0.84} & 0.72 & 0.72 & 0.8 \\

        random & 0.95 & 0.4 & 0.28 & 0.71 & \textbf{0.81} & 0.59 \\
        country-sensitive & 0.92 & 0.44 & 0.31 & 0.69 & \textbf{0.79} & 0.66 \\
        gender-sensitive & 0.95 & 0.41 & 0.21 & 0.67 & \textbf{0.81} & 0.61 \\
        country-gender-sensitive & 0.92 & 0.45 & 0.24 & 0.64 & \textbf{0.71} & 0.61 \\

        random & 0.85 & 0.43 & 0.55 & \textbf{0.96} & \textbf{0.96} & 0.88 \\
        city-region & 0.74 & 0.42 & 0.45 & 0.79 & \textbf{0.9} & 0.67 \\
        country-continent & 0.84 & 0.46 & 0.43 & 0.91 & \textbf{0.93} & 0.87 \\
        region-country & 0.80 & 0.43 & 0.42 & 0.79 & \textbf{0.84} & 0.7 \\

        random & 1.00 & 0.36 & 0.6 & 0.88 & 0.92 & \textbf{0.96} \\
        same-instance & 0.74 & 0.6 & 0.44 & 0.84 & \textbf{0.96} & 0.88 \\

        random & 0.95 & 0.41 & 0.55 & 0.82 & \textbf{0.91} & 0.74 \\
        country-sensitive & 0.92 & 0.47 & 0.52 & 0.75 & \textbf{0.83} & 0.69 \\
        gender-sensitive & 0.95 & 0.45 & 0.56 & 0.76 & \textbf{0.85} & 0.65 \\
        country-gender-sensitive & 0.92 & 0.46 & 0.46 & 0.61 & \textbf{0.79} & 0.58 \\

        random & 0.85 & 0.48 & 0.55 & 0.9 & \textbf{0.99} & 0.82 \\
        city-region & 0.74 & 0.61 & 0.48 & 0.87 & \textbf{0.93} & 0.87 \\
        country-continent & 0.84 & 0.58 & 0.51 & 0.88 & \textbf{0.94} & 0.82 \\
        region-country & 0.80 & 0.55 & 0.45 & 0.87 & \textbf{0.91} & 0.78 \\

        random & 1.00 & 0.48 & 0.88 & 0.84 & \textbf{0.96} & 0.92 \\
        same-instance & 0.74 & 0.44 & 0.72 & 0.76 & \textbf{0.92} & 0.88 \\

